<?xml version="1.0" encoding="UTF-8"?>
<testsuite xmlns:xsi="http://www.w3.org/2001/XMLSchema-instance" xsi:noNamespaceSchemaLocation="https://maven.apache.org/surefire/maven-surefire-plugin/xsd/surefire-test-report-3.0.xsd" version="3.0" name="fr.univavignon.pokedex.api.PokemonTrainerTest" time="0.024" tests="4" errors="0" skipped="0" failures="0">
  <properties>
[...]
</properties>
  <testcase name="testConstructorAndGetters" classname="fr.univavignon.pokedex.api.PokemonTrainerTest" time="0.002"/>
  <testcase name="testGetName" classname="fr.univavignon.pokedex.api.PokemonTrainerTest" time="0.002"/>
  <testcase name="testGetTeam" classname="fr.univavignon.pokedex.api.PokemonTrainerTest" time="0.003"/>
  <testcase name="testGetPokedex" classname="fr.univavignon.pokedex.api.PokemonTrainerTest" time="0.002"/>
</testsuite>